2019-05-13 23:07:51.373 [restartedMain] WARN  o.springframework.boot.actuate.endpoint.EndpointId - Endpoint ID 'dubbo-configs' contains invalid characters, please migrate to a valid format.
2019-05-13 23:07:51.376 [restartedMain] WARN  o.springframework.boot.actuate.endpoint.EndpointId - Endpoint ID 'dubbo-properties' contains invalid characters, please migrate to a valid format.
2019-05-13 23:07:51.377 [restartedMain] WARN  o.springframework.boot.actuate.endpoint.EndpointId - Endpoint ID 'dubbo-references' contains invalid characters, please migrate to a valid format.
2019-05-13 23:07:51.378 [restartedMain] WARN  o.springframework.boot.actuate.endpoint.EndpointId - Endpoint ID 'dubbo-services' contains invalid characters, please migrate to a valid format.
2019-05-13 23:07:51.380 [restartedMain] WARN  o.springframework.boot.actuate.endpoint.EndpointId - Endpoint ID 'dubbo-shutdown' contains invalid characters, please migrate to a valid format.
2019-05-13 23:12:46.490 [http-nio-20190-exec-1] WARN  org.glassfish.jersey.internal.inject.Providers - A provider org.glassfish.jersey.server.internal.process.Endpoint registered in SERVER runtime does not implement any provider interfaces applicable in the SERVER runtime. Due to constraint configuration problems the provider org.glassfish.jersey.server.internal.process.Endpoint will be ignored. 
2019-05-13 23:12:46.492 [http-nio-20190-exec-1] WARN  org.glassfish.jersey.internal.inject.Providers - A provider org.apache.logging.slf4j.SLF4JLogger registered in SERVER runtime does not implement any provider interfaces applicable in the SERVER runtime. Due to constraint configuration problems the provider org.apache.logging.slf4j.SLF4JLogger will be ignored. 
2019-05-13 23:12:46.492 [http-nio-20190-exec-1] WARN  org.glassfish.jersey.internal.inject.Providers - A provider com.ultraman.conf.RestTemplateConfiguration registered in SERVER runtime does not implement any provider interfaces applicable in the SERVER runtime. Due to constraint configuration problems the provider com.ultraman.conf.RestTemplateConfiguration will be ignored. 
2019-05-13 23:12:46.492 [http-nio-20190-exec-1] WARN  org.glassfish.jersey.internal.inject.Providers - A provider com.ultraman.conf.JerseyConfig registered in SERVER runtime does not implement any provider interfaces applicable in the SERVER runtime. Due to constraint configuration problems the provider com.ultraman.conf.JerseyConfig will be ignored. 
2019-05-13 23:12:46.493 [http-nio-20190-exec-1] WARN  org.glassfish.jersey.internal.inject.Providers - A provider org.springframework.web.filter.RequestContextFilter registered in SERVER runtime does not implement any provider interfaces applicable in the SERVER runtime. Due to constraint configuration problems the provider org.springframework.web.filter.RequestContextFilter will be ignored. 
2019-05-13 23:12:46.493 [http-nio-20190-exec-1] WARN  org.glassfish.jersey.internal.inject.Providers - A provider com.ultraman.conf.ScheduledConfig registered in SERVER runtime does not implement any provider interfaces applicable in the SERVER runtime. Due to constraint configuration problems the provider com.ultraman.conf.ScheduledConfig will be ignored. 
2019-05-13 23:12:46.493 [http-nio-20190-exec-1] WARN  org.glassfish.jersey.internal.inject.Providers - A provider com.ultraman.inter.RequestLogger registered in SERVER runtime does not implement any provider interfaces applicable in the SERVER runtime. Due to constraint configuration problems the provider com.ultraman.inter.RequestLogger will be ignored. 
2019-05-13 23:12:46.493 [http-nio-20190-exec-1] WARN  org.glassfish.jersey.internal.inject.Providers - A provider org.glassfish.jersey.server.spring.SpringComponentProvider registered in SERVER runtime does not implement any provider interfaces applicable in the SERVER runtime. Due to constraint configuration problems the provider org.glassfish.jersey.server.spring.SpringComponentProvider will be ignored. 
2019-05-13 23:12:46.494 [http-nio-20190-exec-1] WARN  org.glassfish.jersey.internal.inject.Providers - A provider com.ultraman.filter.ConfigFilter registered in SERVER runtime does not implement any provider interfaces applicable in the SERVER runtime. Due to constraint configuration problems the provider com.ultraman.filter.ConfigFilter will be ignored. 
2019-05-13 23:12:46.494 [http-nio-20190-exec-1] WARN  org.glassfish.jersey.internal.inject.Providers - A provider org.springframework.web.filter.CorsFilter registered in SERVER runtime does not implement any provider interfaces applicable in the SERVER runtime. Due to constraint configuration problems the provider org.springframework.web.filter.CorsFilter will be ignored. 
2019-05-13 23:12:46.494 [http-nio-20190-exec-1] WARN  org.glassfish.jersey.internal.inject.Providers - A provider com.ultraman.conf.CorsConfig registered in SERVER runtime does not implement any provider interfaces applicable in the SERVER runtime. Due to constraint configuration problems the provider com.ultraman.conf.CorsConfig will be ignored. 
2019-05-13 23:12:46.494 [http-nio-20190-exec-1] WARN  org.glassfish.jersey.internal.inject.Providers - A provider org.glassfish.jersey.server.ResourceConfig registered in SERVER runtime does not implement any provider interfaces applicable in the SERVER runtime. Due to constraint configuration problems the provider org.glassfish.jersey.server.ResourceConfig will be ignored. 
2019-05-13 23:17:28.572 [restartedMain] WARN  o.s.b.w.s.c.AnnotationConfigServletWebServerApplicationContext - Exception encountered during context initialization - cancelling refresh attempt: org.springframework.beans.factory.BeanCreationException: Error creating bean with name 'fileUtil' defined in file [C:\workspace\Ultraman\target\classes\com\ultraman\util\FileUtil.class]: Instantiation of bean failed; nested exception is org.springframework.beans.BeanInstantiationException: Failed to instantiate [com.ultraman.util.FileUtil]: Constructor threw exception; nested exception is java.lang.Error: Unresolved compilation problems: 
	The declared package "com.de.common.util" does not match the expected package "com.ultraman.util"
	The import com.de cannot be resolved
	The import com.de cannot be resolved
	The import com.de cannot be resolved
	OSSFileManager cannot be resolved to a type
	OSSFileManager cannot be resolved to a type
	OSSFileManager cannot be resolved to a type
	ServiceException cannot be resolved to a type
	MessageCode cannot be resolved to a variable
	OSSFileManager cannot be resolved to a type
	OSSFileManager cannot be resolved to a type
	OSSFileManager cannot be resolved to a type
	OSSFileManager cannot be resolved to a type
	OSSFileManager cannot be resolved to a type

2019-05-13 23:17:51.497 [restartedMain] WARN  o.s.b.w.s.c.AnnotationConfigServletWebServerApplicationContext - Exception encountered during context initialization - cancelling refresh attempt: org.springframework.beans.factory.BeanCreationException: Error creating bean with name 'redisUtil' defined in file [C:\workspace\Ultraman\target\classes\com\ultraman\util\RedisUtil.class]: Instantiation of bean failed; nested exception is org.springframework.beans.BeanInstantiationException: Failed to instantiate [com.ultraman.util.RedisUtil]: Constructor threw exception; nested exception is java.lang.Error: Unresolved compilation problem: 
	The declared package "com.de.common.util" does not match the expected package "com.ultraman.util"

2019-05-13 23:18:17.101 [restartedMain] WARN  o.s.b.w.s.c.AnnotationConfigServletWebServerApplicationContext - Exception encountered during context initialization - cancelling refresh attempt: org.springframework.beans.factory.BeanDefinitionStoreException: Failed to parse configuration class [com.ultraman.Application]; nested exception is java.io.FileNotFoundException: class path resource [i18n.properties] cannot be opened because it does not exist
2019-05-13 23:18:21.136 [restartedMain] WARN  o.s.b.w.s.c.AnnotationConfigServletWebServerApplicationContext - Exception encountered during context initialization - cancelling refresh attempt: org.springframework.beans.factory.BeanDefinitionStoreException: Failed to parse configuration class [com.ultraman.Application]; nested exception is java.io.FileNotFoundException: class path resource [i18n.properties] cannot be opened because it does not exist
2019-05-13 23:18:29.596 [restartedMain] WARN  o.s.b.w.s.c.AnnotationConfigServletWebServerApplicationContext - Exception encountered during context initialization - cancelling refresh attempt: org.springframework.beans.factory.BeanDefinitionStoreException: Failed to parse configuration class [com.ultraman.Application]; nested exception is java.io.FileNotFoundException: class path resource [i18n.properties] cannot be opened because it does not exist
2019-05-13 23:19:14.664 [restartedMain] WARN  o.s.b.w.s.c.AnnotationConfigServletWebServerApplicationContext - Exception encountered during context initialization - cancelling refresh attempt: org.springframework.beans.factory.BeanDefinitionStoreException: Failed to parse configuration class [com.ultraman.Application]; nested exception is java.io.FileNotFoundException: class path resource [i18n.properties] cannot be opened because it does not exist
2019-05-13 23:19:18.859 [restartedMain] WARN  o.s.b.w.s.c.AnnotationConfigServletWebServerApplicationContext - Exception encountered during context initialization - cancelling refresh attempt: org.springframework.beans.factory.BeanDefinitionStoreException: Failed to parse configuration class [com.ultraman.Application]; nested exception is java.io.FileNotFoundException: class path resource [i18n.properties] cannot be opened because it does not exist
2019-05-13 23:19:22.215 [restartedMain] WARN  o.s.b.w.s.c.AnnotationConfigServletWebServerApplicationContext - Exception encountered during context initialization - cancelling refresh attempt: org.springframework.beans.factory.BeanDefinitionStoreException: Failed to parse configuration class [com.ultraman.Application]; nested exception is java.io.FileNotFoundException: class path resource [i18n.properties] cannot be opened because it does not exist
2019-05-13 23:19:28.670 [restartedMain] WARN  o.s.b.w.s.c.AnnotationConfigServletWebServerApplicationContext - Exception encountered during context initialization - cancelling refresh attempt: org.springframework.beans.factory.BeanDefinitionStoreException: Failed to parse configuration class [com.ultraman.Application]; nested exception is java.io.FileNotFoundException: class path resource [i18n.properties] cannot be opened because it does not exist
2019-05-13 23:19:31.477 [restartedMain] WARN  o.s.b.w.s.c.AnnotationConfigServletWebServerApplicationContext - Exception encountered during context initialization - cancelling refresh attempt: org.springframework.beans.factory.BeanDefinitionStoreException: Failed to parse configuration class [com.ultraman.Application]; nested exception is java.io.FileNotFoundException: class path resource [i18n.properties] cannot be opened because it does not exist
2019-05-13 23:20:14.967 [restartedMain] WARN  o.s.b.w.s.c.AnnotationConfigServletWebServerApplicationContext - Exception encountered during context initialization - cancelling refresh attempt: org.springframework.beans.factory.BeanDefinitionStoreException: Failed to parse configuration class [com.ultraman.Application]; nested exception is java.io.FileNotFoundException: class path resource [i18n.properties] cannot be opened because it does not exist
2019-05-13 23:20:17.918 [restartedMain] WARN  o.s.b.w.s.c.AnnotationConfigServletWebServerApplicationContext - Exception encountered during context initialization - cancelling refresh attempt: org.springframework.beans.factory.BeanDefinitionStoreException: Failed to parse configuration class [com.ultraman.Application]; nested exception is java.io.FileNotFoundException: class path resource [i18n.properties] cannot be opened because it does not exist
2019-05-13 23:20:30.532 [restartedMain] WARN  o.s.b.w.s.c.AnnotationConfigServletWebServerApplicationContext - Exception encountered during context initialization - cancelling refresh attempt: org.springframework.beans.factory.BeanDefinitionStoreException: Failed to parse configuration class [com.ultraman.Application]; nested exception is java.io.FileNotFoundException: class path resource [i18n.properties] cannot be opened because it does not exist
2019-05-13 23:20:54.246 [restartedMain] WARN  o.s.b.w.s.c.AnnotationConfigServletWebServerApplicationContext - Exception encountered during context initialization - cancelling refresh attempt: org.springframework.beans.factory.BeanDefinitionStoreException: Failed to parse configuration class [com.ultraman.Application]; nested exception is java.io.FileNotFoundException: class path resource [i18n.properties] cannot be opened because it does not exist
2019-05-13 23:20:59.545 [restartedMain] WARN  o.s.b.w.s.c.AnnotationConfigServletWebServerApplicationContext - Exception encountered during context initialization - cancelling refresh attempt: org.springframework.beans.factory.BeanDefinitionStoreException: Failed to parse configuration class [com.ultraman.Application]; nested exception is java.io.FileNotFoundException: class path resource [i18n.properties] cannot be opened because it does not exist
2019-05-13 23:21:16.726 [restartedMain] WARN  o.s.b.w.s.c.AnnotationConfigServletWebServerApplicationContext - Exception encountered during context initialization - cancelling refresh attempt: org.springframework.beans.factory.BeanDefinitionStoreException: Failed to parse configuration class [com.ultraman.Application]; nested exception is java.io.FileNotFoundException: class path resource [i18n.properties] cannot be opened because it does not exist
2019-05-13 23:25:21.697 [restartedMain] WARN  o.s.b.w.s.c.AnnotationConfigServletWebServerApplicationContext - Exception encountered during context initialization - cancelling refresh attempt: org.springframework.beans.factory.BeanDefinitionStoreException: Failed to parse configuration class [com.ultraman.Application]; nested exception is java.io.FileNotFoundException: class path resource [i18n.properties] cannot be opened because it does not exist
