2019-05-15 23:08:12.688 [restartedMain] ERROR o.s.b.diagnostics.LoggingFailureAnalysisReporter - 

***************************
APPLICATION FAILED TO START
***************************

Description:

Field jdbcTemplate in com.ultraman.dao.LotteryDao required a bean of type 'org.springframework.jdbc.core.JdbcTemplate' that could not be found.

The injection point has the following annotations:
	- @org.springframework.beans.factory.annotation.Autowired(required=true)


Action:

Consider defining a bean of type 'org.springframework.jdbc.core.JdbcTemplate' in your configuration.

2019-05-15 23:15:06.867 [restartedMain] ERROR o.s.b.diagnostics.LoggingFailureAnalysisReporter - 

***************************
APPLICATION FAILED TO START
***************************

Description:

Field jdbcTemplate in com.ultraman.dao.LotteryDao required a bean of type 'org.springframework.jdbc.core.JdbcTemplate' that could not be found.

The injection point has the following annotations:
	- @org.springframework.beans.factory.annotation.Autowired(required=true)


Action:

Consider defining a bean of type 'org.springframework.jdbc.core.JdbcTemplate' in your configuration.

2019-05-15 23:17:43.224 [restartedMain] ERROR o.s.b.diagnostics.LoggingFailureAnalysisReporter - 

***************************
APPLICATION FAILED TO START
***************************

Description:

Field jdbcTemplate in com.ultraman.dao.LotteryDao required a bean of type 'org.springframework.jdbc.core.JdbcTemplate' that could not be found.

The injection point has the following annotations:
	- @org.springframework.beans.factory.annotation.Autowired(required=true)


Action:

Consider defining a bean of type 'org.springframework.jdbc.core.JdbcTemplate' in your configuration.

2019-05-15 23:21:17.374 [restartedMain] ERROR o.s.b.diagnostics.LoggingFailureAnalysisReporter - 

***************************
APPLICATION FAILED TO START
***************************

Description:

Field jdbcTemplate in com.ultraman.dao.LotteryDao required a bean of type 'org.springframework.jdbc.core.JdbcTemplate' that could not be found.

The injection point has the following annotations:
	- @org.springframework.beans.factory.annotation.Autowired(required=true)


Action:

Consider defining a bean of type 'org.springframework.jdbc.core.JdbcTemplate' in your configuration.

2019-05-15 23:27:37.673 [restartedMain] ERROR o.s.b.diagnostics.LoggingFailureAnalysisReporter - 

***************************
APPLICATION FAILED TO START
***************************

Description:

Failed to bind properties under 'spring.datasource.type' to java.lang.Class<javax.sql.DataSource>:

    Property: spring.datasource.type
    Value: com.alibaba.druid.pool.DruidDataSource
    Origin: class path resource [application-test.properties]:5:24
    Reason: No converter found capable of converting from type [java.lang.String] to type [java.lang.Class<javax.sql.DataSource>]

Action:

Update your application's configuration

2019-05-15 23:28:41.435 [restartedMain] ERROR o.s.b.diagnostics.LoggingFailureAnalysisReporter - 

***************************
APPLICATION FAILED TO START
***************************

Description:

Failed to bind properties under 'spring.datasource.type' to java.lang.Class<javax.sql.DataSource>:

    Property: spring.datasource.type
    Value: com.alibaba.druid.pool.DruidDataSource
    Origin: class path resource [application-test.properties]:5:24
    Reason: No converter found capable of converting from type [java.lang.String] to type [java.lang.Class<javax.sql.DataSource>]

Action:

Update your application's configuration

2019-05-15 23:30:36.823 [restartedMain] ERROR o.s.b.diagnostics.LoggingFailureAnalysisReporter - 

***************************
APPLICATION FAILED TO START
***************************

Description:

Failed to bind properties under 'spring.datasource.type' to java.lang.Class<javax.sql.DataSource>:

    Property: spring.datasource.type
    Value: com.alibaba.druid.pool.DruidDataSource
    Origin: class path resource [application-test.properties]:5:24
    Reason: No converter found capable of converting from type [java.lang.String] to type [java.lang.Class<javax.sql.DataSource>]

Action:

Update your application's configuration

2019-05-15 23:33:29.718 [restartedMain] ERROR org.springframework.boot.SpringApplication - Application run failed
org.springframework.beans.factory.BeanCreationException: Error creating bean with name 'lotteryDao' defined in file [C:\workspace\Ultraman\target\classes\com\ultraman\dao\LotteryDao.class]: Instantiation of bean failed; nested exception is org.springframework.beans.BeanInstantiationException: Failed to instantiate [com.ultraman.dao.LotteryDao]: Constructor threw exception; nested exception is java.lang.Error: Unresolved compilation problems: 
	Autowired cannot be resolved to a type
	JdbcTemplate cannot be resolved to a type

	at org.springframework.beans.factory.support.AbstractAutowireCapableBeanFactory.instantiateBean(AbstractAutowireCapableBeanFactory.java:1270)
	at org.springframework.beans.factory.support.AbstractAutowireCapableBeanFactory.createBeanInstance(AbstractAutowireCapableBeanFactory.java:1164)
	at org.springframework.beans.factory.support.AbstractAutowireCapableBeanFactory.doCreateBean(AbstractAutowireCapableBeanFactory.java:538)
	at org.springframework.beans.factory.support.AbstractAutowireCapableBeanFactory.createBean(AbstractAutowireCapableBeanFactory.java:498)
	at org.springframework.beans.factory.support.AbstractBeanFactory.lambda$doGetBean$0(AbstractBeanFactory.java:320)
	at org.springframework.beans.factory.support.DefaultSingletonBeanRegistry.getSingleton(DefaultSingletonBeanRegistry.java:222)
	at org.springframework.beans.factory.support.AbstractBeanFactory.doGetBean(AbstractBeanFactory.java:318)
	at org.springframework.beans.factory.support.AbstractBeanFactory.getBean(AbstractBeanFactory.java:199)
	at org.springframework.beans.factory.support.DefaultListableBeanFactory.preInstantiateSingletons(DefaultListableBeanFactory.java:846)
	at org.springframework.context.support.AbstractApplicationContext.finishBeanFactoryInitialization(AbstractApplicationContext.java:863)
	at org.springframework.context.support.AbstractApplicationContext.refresh(AbstractApplicationContext.java:546)
	at org.springframework.boot.web.servlet.context.ServletWebServerApplicationContext.refresh(ServletWebServerApplicationContext.java:142)
	at org.springframework.boot.SpringApplication.refresh(SpringApplication.java:775)
	at org.springframework.boot.SpringApplication.refreshContext(SpringApplication.java:397)
	at org.springframework.boot.SpringApplication.run(SpringApplication.java:316)
	at org.springframework.boot.SpringApplication.run(SpringApplication.java:1260)
	at org.springframework.boot.SpringApplication.run(SpringApplication.java:1248)
	at com.ultraman.Application.main(Application.java:42)
	at sun.reflect.NativeMethodAccessorImpl.invoke0(Native Method)
	at sun.reflect.NativeMethodAccessorImpl.invoke(Unknown Source)
	at sun.reflect.DelegatingMethodAccessorImpl.invoke(Unknown Source)
	at java.lang.reflect.Method.invoke(Unknown Source)
	at org.springframework.boot.devtools.restart.RestartLauncher.run(RestartLauncher.java:49)
Caused by: org.springframework.beans.BeanInstantiationException: Failed to instantiate [com.ultraman.dao.LotteryDao]: Constructor threw exception; nested exception is java.lang.Error: Unresolved compilation problems: 
	Autowired cannot be resolved to a type
	JdbcTemplate cannot be resolved to a type

	at org.springframework.beans.BeanUtils.instantiateClass(BeanUtils.java:184)
	at org.springframework.beans.factory.support.SimpleInstantiationStrategy.instantiate(SimpleInstantiationStrategy.java:87)
	at org.springframework.beans.factory.support.AbstractAutowireCapableBeanFactory.instantiateBean(AbstractAutowireCapableBeanFactory.java:1262)
	... 22 common frames omitted
Caused by: java.lang.Error: Unresolved compilation problems: 
	Autowired cannot be resolved to a type
	JdbcTemplate cannot be resolved to a type

	at com.ultraman.dao.LotteryDao.<init>(LotteryDao.java:12)
	at sun.reflect.NativeConstructorAccessorImpl.newInstance0(Native Method)
	at sun.reflect.NativeConstructorAccessorImpl.newInstance(Unknown Source)
	at sun.reflect.DelegatingConstructorAccessorImpl.newInstance(Unknown Source)
	at java.lang.reflect.Constructor.newInstance(Unknown Source)
	at org.springframework.beans.BeanUtils.instantiateClass(BeanUtils.java:172)
	... 24 common frames omitted
2019-05-15 23:33:34.686 [restartedMain] ERROR o.s.b.diagnostics.LoggingFailureAnalysisReporter - 

***************************
APPLICATION FAILED TO START
***************************

Description:

Field jdbcTemplate in com.ultraman.dao.LotteryDao required a bean of type 'org.springframework.jdbc.core.JdbcTemplate' that could not be found.

The injection point has the following annotations:
	- @org.springframework.beans.factory.annotation.Autowired(required=true)


Action:

Consider defining a bean of type 'org.springframework.jdbc.core.JdbcTemplate' in your configuration.

2019-05-15 23:36:22.928 [restartedMain] ERROR org.springframework.boot.SpringApplication - Application run failed
java.lang.IllegalStateException: java.lang.IllegalStateException: Logback configuration error detected: 
ERROR in ch.qos.logback.core.joran.spi.Interpreter@174:36 - no applicable action for [springProfile], current ElementPath  is [[configuration][springProfile]]
ERROR in ch.qos.logback.core.joran.spi.Interpreter@175:47 - no applicable action for [logger], current ElementPath  is [[configuration][springProfile][logger]]
ERROR in ch.qos.logback.core.joran.spi.Interpreter@176:60 - no applicable action for [logger], current ElementPath  is [[configuration][springProfile][logger]]
ERROR in ch.qos.logback.core.joran.spi.Interpreter@188:32 - no applicable action for [springProfile], current ElementPath  is [[configuration][springProfile]]
ERROR in ch.qos.logback.core.joran.spi.Interpreter@189:28 - no applicable action for [root], current ElementPath  is [[configuration][springProfile][root]]
ERROR in ch.qos.logback.core.joran.spi.Interpreter@190:46 - no applicable action for [appender-ref], current ElementPath  is [[configuration][springProfile][root][appender-ref]]
ERROR in ch.qos.logback.core.joran.spi.Interpreter@191:45 - no applicable action for [appender-ref], current ElementPath  is [[configuration][springProfile][root][appender-ref]]
ERROR in ch.qos.logback.core.joran.spi.Interpreter@192:46 - no applicable action for [appender-ref], current ElementPath  is [[configuration][springProfile][root][appender-ref]]
ERROR in ch.qos.logback.core.joran.spi.Interpreter@193:45 - no applicable action for [appender-ref], current ElementPath  is [[configuration][springProfile][root][appender-ref]]
	at org.springframework.boot.context.logging.LoggingApplicationListener.initializeSystem(LoggingApplicationListener.java:305)
	at org.springframework.boot.context.logging.LoggingApplicationListener.initialize(LoggingApplicationListener.java:266)
	at org.springframework.boot.context.logging.LoggingApplicationListener.onApplicationEnvironmentPreparedEvent(LoggingApplicationListener.java:229)
	at org.springframework.boot.context.logging.LoggingApplicationListener.onApplicationEvent(LoggingApplicationListener.java:202)
	at org.springframework.context.event.SimpleApplicationEventMulticaster.doInvokeListener(SimpleApplicationEventMulticaster.java:172)
	at org.springframework.context.event.SimpleApplicationEventMulticaster.invokeListener(SimpleApplicationEventMulticaster.java:165)
	at org.springframework.context.event.SimpleApplicationEventMulticaster.multicastEvent(SimpleApplicationEventMulticaster.java:139)
	at org.springframework.context.event.SimpleApplicationEventMulticaster.multicastEvent(SimpleApplicationEventMulticaster.java:127)
	at org.springframework.boot.context.event.EventPublishingRunListener.environmentPrepared(EventPublishingRunListener.java:75)
	at org.springframework.boot.SpringApplicationRunListeners.environmentPrepared(SpringApplicationRunListeners.java:54)
	at org.springframework.boot.SpringApplication.prepareEnvironment(SpringApplication.java:347)
	at org.springframework.boot.SpringApplication.run(SpringApplication.java:306)
	at org.springframework.boot.SpringApplication.run(SpringApplication.java:1260)
	at org.springframework.boot.SpringApplication.run(SpringApplication.java:1248)
	at com.ultraman.Application.main(Application.java:42)
	at sun.reflect.NativeMethodAccessorImpl.invoke0(Native Method)
	at sun.reflect.NativeMethodAccessorImpl.invoke(Unknown Source)
	at sun.reflect.DelegatingMethodAccessorImpl.invoke(Unknown Source)
	at java.lang.reflect.Method.invoke(Unknown Source)
	at org.springframework.boot.devtools.restart.RestartLauncher.run(RestartLauncher.java:49)
Caused by: java.lang.IllegalStateException: Logback configuration error detected: 
ERROR in ch.qos.logback.core.joran.spi.Interpreter@174:36 - no applicable action for [springProfile], current ElementPath  is [[configuration][springProfile]]
ERROR in ch.qos.logback.core.joran.spi.Interpreter@175:47 - no applicable action for [logger], current ElementPath  is [[configuration][springProfile][logger]]
ERROR in ch.qos.logback.core.joran.spi.Interpreter@176:60 - no applicable action for [logger], current ElementPath  is [[configuration][springProfile][logger]]
ERROR in ch.qos.logback.core.joran.spi.Interpreter@188:32 - no applicable action for [springProfile], current ElementPath  is [[configuration][springProfile]]
ERROR in ch.qos.logback.core.joran.spi.Interpreter@189:28 - no applicable action for [root], current ElementPath  is [[configuration][springProfile][root]]
ERROR in ch.qos.logback.core.joran.spi.Interpreter@190:46 - no applicable action for [appender-ref], current ElementPath  is [[configuration][springProfile][root][appender-ref]]
ERROR in ch.qos.logback.core.joran.spi.Interpreter@191:45 - no applicable action for [appender-ref], current ElementPath  is [[configuration][springProfile][root][appender-ref]]
ERROR in ch.qos.logback.core.joran.spi.Interpreter@192:46 - no applicable action for [appender-ref], current ElementPath  is [[configuration][springProfile][root][appender-ref]]
ERROR in ch.qos.logback.core.joran.spi.Interpreter@193:45 - no applicable action for [appender-ref], current ElementPath  is [[configuration][springProfile][root][appender-ref]]
	at org.springframework.boot.logging.logback.LogbackLoggingSystem.loadConfiguration(LogbackLoggingSystem.java:169)
	at org.springframework.boot.logging.AbstractLoggingSystem.initializeWithSpecificConfig(AbstractLoggingSystem.java:67)
	at org.springframework.boot.logging.AbstractLoggingSystem.initialize(AbstractLoggingSystem.java:57)
	at org.springframework.boot.logging.logback.LogbackLoggingSystem.initialize(LogbackLoggingSystem.java:117)
	at org.springframework.boot.context.logging.LoggingApplicationListener.initializeSystem(LoggingApplicationListener.java:298)
	... 19 common frames omitted
2019-05-15 23:36:32.999 [restartedMain] ERROR o.s.b.diagnostics.LoggingFailureAnalysisReporter - 

***************************
APPLICATION FAILED TO START
***************************

Description:

Field jdbcTemplate in com.ultraman.dao.LotteryDao required a bean of type 'org.springframework.jdbc.core.JdbcTemplate' that could not be found.

The injection point has the following annotations:
	- @org.springframework.beans.factory.annotation.Autowired(required=true)


Action:

Consider defining a bean of type 'org.springframework.jdbc.core.JdbcTemplate' in your configuration.

2019-05-15 23:36:46.210 [restartedMain] ERROR o.s.b.diagnostics.LoggingFailureAnalysisReporter - 

***************************
APPLICATION FAILED TO START
***************************

Description:

Field jdbcTemplate in com.ultraman.dao.LotteryDao required a bean of type 'org.springframework.jdbc.core.JdbcTemplate' that could not be found.

The injection point has the following annotations:
	- @org.springframework.beans.factory.annotation.Autowired(required=true)


Action:

Consider defining a bean of type 'org.springframework.jdbc.core.JdbcTemplate' in your configuration.

2019-05-15 23:36:58.059 [restartedMain] ERROR o.s.b.diagnostics.LoggingFailureAnalysisReporter - 

***************************
APPLICATION FAILED TO START
***************************

Description:

Field jdbcTemplate in com.ultraman.dao.LotteryDao required a bean of type 'org.springframework.jdbc.core.JdbcTemplate' that could not be found.

The injection point has the following annotations:
	- @org.springframework.beans.factory.annotation.Autowired(required=true)


Action:

Consider defining a bean of type 'org.springframework.jdbc.core.JdbcTemplate' in your configuration.

2019-05-15 23:37:03.477 [restartedMain] ERROR o.s.b.diagnostics.LoggingFailureAnalysisReporter - 

***************************
APPLICATION FAILED TO START
***************************

Description:

Field jdbcTemplate in com.ultraman.dao.LotteryDao required a bean of type 'org.springframework.jdbc.core.JdbcTemplate' that could not be found.

The injection point has the following annotations:
	- @org.springframework.beans.factory.annotation.Autowired(required=true)


Action:

Consider defining a bean of type 'org.springframework.jdbc.core.JdbcTemplate' in your configuration.

2019-05-15 23:37:08.976 [restartedMain] ERROR o.s.b.diagnostics.LoggingFailureAnalysisReporter - 

***************************
APPLICATION FAILED TO START
***************************

Description:

Field jdbcTemplate in com.ultraman.dao.LotteryDao required a bean of type 'org.springframework.jdbc.core.JdbcTemplate' that could not be found.

The injection point has the following annotations:
	- @org.springframework.beans.factory.annotation.Autowired(required=true)


Action:

Consider defining a bean of type 'org.springframework.jdbc.core.JdbcTemplate' in your configuration.

2019-05-15 23:37:38.475 [restartedMain] ERROR org.springframework.boot.SpringApplication - Application run failed
java.lang.IllegalStateException: java.lang.IllegalStateException: Logback configuration error detected: 
ERROR in ch.qos.logback.core.joran.spi.Interpreter@174:36 - no applicable action for [springProfile], current ElementPath  is [[configuration][springProfile]]
ERROR in ch.qos.logback.core.joran.spi.Interpreter@175:47 - no applicable action for [logger], current ElementPath  is [[configuration][springProfile][logger]]
ERROR in ch.qos.logback.core.joran.spi.Interpreter@176:60 - no applicable action for [logger], current ElementPath  is [[configuration][springProfile][logger]]
ERROR in ch.qos.logback.core.joran.spi.Interpreter@188:32 - no applicable action for [springProfile], current ElementPath  is [[configuration][springProfile]]
ERROR in ch.qos.logback.core.joran.spi.Interpreter@189:28 - no applicable action for [root], current ElementPath  is [[configuration][springProfile][root]]
ERROR in ch.qos.logback.core.joran.spi.Interpreter@190:46 - no applicable action for [appender-ref], current ElementPath  is [[configuration][springProfile][root][appender-ref]]
ERROR in ch.qos.logback.core.joran.spi.Interpreter@191:45 - no applicable action for [appender-ref], current ElementPath  is [[configuration][springProfile][root][appender-ref]]
ERROR in ch.qos.logback.core.joran.spi.Interpreter@192:46 - no applicable action for [appender-ref], current ElementPath  is [[configuration][springProfile][root][appender-ref]]
ERROR in ch.qos.logback.core.joran.spi.Interpreter@193:45 - no applicable action for [appender-ref], current ElementPath  is [[configuration][springProfile][root][appender-ref]]
	at org.springframework.boot.context.logging.LoggingApplicationListener.initializeSystem(LoggingApplicationListener.java:305)
	at org.springframework.boot.context.logging.LoggingApplicationListener.initialize(LoggingApplicationListener.java:266)
	at org.springframework.boot.context.logging.LoggingApplicationListener.onApplicationEnvironmentPreparedEvent(LoggingApplicationListener.java:229)
	at org.springframework.boot.context.logging.LoggingApplicationListener.onApplicationEvent(LoggingApplicationListener.java:202)
	at org.springframework.context.event.SimpleApplicationEventMulticaster.doInvokeListener(SimpleApplicationEventMulticaster.java:172)
	at org.springframework.context.event.SimpleApplicationEventMulticaster.invokeListener(SimpleApplicationEventMulticaster.java:165)
	at org.springframework.context.event.SimpleApplicationEventMulticaster.multicastEvent(SimpleApplicationEventMulticaster.java:139)
	at org.springframework.context.event.SimpleApplicationEventMulticaster.multicastEvent(SimpleApplicationEventMulticaster.java:127)
	at org.springframework.boot.context.event.EventPublishingRunListener.environmentPrepared(EventPublishingRunListener.java:75)
	at org.springframework.boot.SpringApplicationRunListeners.environmentPrepared(SpringApplicationRunListeners.java:54)
	at org.springframework.boot.SpringApplication.prepareEnvironment(SpringApplication.java:347)
	at org.springframework.boot.SpringApplication.run(SpringApplication.java:306)
	at org.springframework.boot.SpringApplication.run(SpringApplication.java:1260)
	at org.springframework.boot.SpringApplication.run(SpringApplication.java:1248)
	at com.ultraman.Application.main(Application.java:42)
	at sun.reflect.NativeMethodAccessorImpl.invoke0(Native Method)
	at sun.reflect.NativeMethodAccessorImpl.invoke(Unknown Source)
	at sun.reflect.DelegatingMethodAccessorImpl.invoke(Unknown Source)
	at java.lang.reflect.Method.invoke(Unknown Source)
	at org.springframework.boot.devtools.restart.RestartLauncher.run(RestartLauncher.java:49)
Caused by: java.lang.IllegalStateException: Logback configuration error detected: 
ERROR in ch.qos.logback.core.joran.spi.Interpreter@174:36 - no applicable action for [springProfile], current ElementPath  is [[configuration][springProfile]]
ERROR in ch.qos.logback.core.joran.spi.Interpreter@175:47 - no applicable action for [logger], current ElementPath  is [[configuration][springProfile][logger]]
ERROR in ch.qos.logback.core.joran.spi.Interpreter@176:60 - no applicable action for [logger], current ElementPath  is [[configuration][springProfile][logger]]
ERROR in ch.qos.logback.core.joran.spi.Interpreter@188:32 - no applicable action for [springProfile], current ElementPath  is [[configuration][springProfile]]
ERROR in ch.qos.logback.core.joran.spi.Interpreter@189:28 - no applicable action for [root], current ElementPath  is [[configuration][springProfile][root]]
ERROR in ch.qos.logback.core.joran.spi.Interpreter@190:46 - no applicable action for [appender-ref], current ElementPath  is [[configuration][springProfile][root][appender-ref]]
ERROR in ch.qos.logback.core.joran.spi.Interpreter@191:45 - no applicable action for [appender-ref], current ElementPath  is [[configuration][springProfile][root][appender-ref]]
ERROR in ch.qos.logback.core.joran.spi.Interpreter@192:46 - no applicable action for [appender-ref], current ElementPath  is [[configuration][springProfile][root][appender-ref]]
ERROR in ch.qos.logback.core.joran.spi.Interpreter@193:45 - no applicable action for [appender-ref], current ElementPath  is [[configuration][springProfile][root][appender-ref]]
	at org.springframework.boot.logging.logback.LogbackLoggingSystem.loadConfiguration(LogbackLoggingSystem.java:169)
	at org.springframework.boot.logging.AbstractLoggingSystem.initializeWithSpecificConfig(AbstractLoggingSystem.java:67)
	at org.springframework.boot.logging.AbstractLoggingSystem.initialize(AbstractLoggingSystem.java:57)
	at org.springframework.boot.logging.logback.LogbackLoggingSystem.initialize(LogbackLoggingSystem.java:117)
	at org.springframework.boot.context.logging.LoggingApplicationListener.initializeSystem(LoggingApplicationListener.java:298)
	... 19 common frames omitted
2019-05-15 23:38:04.448 [restartedMain] ERROR o.s.b.diagnostics.LoggingFailureAnalysisReporter - 

***************************
APPLICATION FAILED TO START
***************************

Description:

Field jdbcTemplate in com.ultraman.dao.LotteryDao required a bean of type 'org.springframework.jdbc.core.JdbcTemplate' that could not be found.

The injection point has the following annotations:
	- @org.springframework.beans.factory.annotation.Autowired(required=true)


Action:

Consider defining a bean of type 'org.springframework.jdbc.core.JdbcTemplate' in your configuration.

