2019-05-15 23:08:05.551 [restartedMain] WARN  o.springframework.boot.actuate.endpoint.EndpointId - Endpoint ID 'dubbo-configs' contains invalid characters, please migrate to a valid format.
2019-05-15 23:08:05.562 [restartedMain] WARN  o.springframework.boot.actuate.endpoint.EndpointId - Endpoint ID 'dubbo-properties' contains invalid characters, please migrate to a valid format.
2019-05-15 23:08:05.564 [restartedMain] WARN  o.springframework.boot.actuate.endpoint.EndpointId - Endpoint ID 'dubbo-references' contains invalid characters, please migrate to a valid format.
2019-05-15 23:08:05.566 [restartedMain] WARN  o.springframework.boot.actuate.endpoint.EndpointId - Endpoint ID 'dubbo-services' contains invalid characters, please migrate to a valid format.
2019-05-15 23:08:05.567 [restartedMain] WARN  o.springframework.boot.actuate.endpoint.EndpointId - Endpoint ID 'dubbo-shutdown' contains invalid characters, please migrate to a valid format.
2019-05-15 23:08:11.888 [restartedMain] WARN  o.s.b.w.s.c.AnnotationConfigServletWebServerApplicationContext - Exception encountered during context initialization - cancelling refresh attempt: org.springframework.beans.factory.UnsatisfiedDependencyException: Error creating bean with name 'lotteryDao': Unsatisfied dependency expressed through field 'jdbcTemplate'; nested exception is org.springframework.beans.factory.NoSuchBeanDefinitionException: No qualifying bean of type 'org.springframework.jdbc.core.JdbcTemplate' available: expected at least 1 bean which qualifies as autowire candidate. Dependency annotations: {@org.springframework.beans.factory.annotation.Autowired(required=true)}
2019-05-15 23:15:00.551 [restartedMain] WARN  o.springframework.boot.actuate.endpoint.EndpointId - Endpoint ID 'dubbo-configs' contains invalid characters, please migrate to a valid format.
2019-05-15 23:15:00.554 [restartedMain] WARN  o.springframework.boot.actuate.endpoint.EndpointId - Endpoint ID 'dubbo-properties' contains invalid characters, please migrate to a valid format.
2019-05-15 23:15:00.556 [restartedMain] WARN  o.springframework.boot.actuate.endpoint.EndpointId - Endpoint ID 'dubbo-references' contains invalid characters, please migrate to a valid format.
2019-05-15 23:15:00.557 [restartedMain] WARN  o.springframework.boot.actuate.endpoint.EndpointId - Endpoint ID 'dubbo-services' contains invalid characters, please migrate to a valid format.
2019-05-15 23:15:00.559 [restartedMain] WARN  o.springframework.boot.actuate.endpoint.EndpointId - Endpoint ID 'dubbo-shutdown' contains invalid characters, please migrate to a valid format.
2019-05-15 23:15:06.111 [restartedMain] WARN  o.s.b.w.s.c.AnnotationConfigServletWebServerApplicationContext - Exception encountered during context initialization - cancelling refresh attempt: org.springframework.beans.factory.UnsatisfiedDependencyException: Error creating bean with name 'lotteryDao': Unsatisfied dependency expressed through field 'jdbcTemplate'; nested exception is org.springframework.beans.factory.NoSuchBeanDefinitionException: No qualifying bean of type 'org.springframework.jdbc.core.JdbcTemplate' available: expected at least 1 bean which qualifies as autowire candidate. Dependency annotations: {@org.springframework.beans.factory.annotation.Autowired(required=true)}
2019-05-15 23:17:37.091 [restartedMain] WARN  o.springframework.boot.actuate.endpoint.EndpointId - Endpoint ID 'dubbo-configs' contains invalid characters, please migrate to a valid format.
2019-05-15 23:17:37.093 [restartedMain] WARN  o.springframework.boot.actuate.endpoint.EndpointId - Endpoint ID 'dubbo-properties' contains invalid characters, please migrate to a valid format.
2019-05-15 23:17:37.095 [restartedMain] WARN  o.springframework.boot.actuate.endpoint.EndpointId - Endpoint ID 'dubbo-references' contains invalid characters, please migrate to a valid format.
2019-05-15 23:17:37.097 [restartedMain] WARN  o.springframework.boot.actuate.endpoint.EndpointId - Endpoint ID 'dubbo-services' contains invalid characters, please migrate to a valid format.
2019-05-15 23:17:37.099 [restartedMain] WARN  o.springframework.boot.actuate.endpoint.EndpointId - Endpoint ID 'dubbo-shutdown' contains invalid characters, please migrate to a valid format.
2019-05-15 23:17:42.507 [restartedMain] WARN  o.s.b.w.s.c.AnnotationConfigServletWebServerApplicationContext - Exception encountered during context initialization - cancelling refresh attempt: org.springframework.beans.factory.UnsatisfiedDependencyException: Error creating bean with name 'lotteryDao': Unsatisfied dependency expressed through field 'jdbcTemplate'; nested exception is org.springframework.beans.factory.NoSuchBeanDefinitionException: No qualifying bean of type 'org.springframework.jdbc.core.JdbcTemplate' available: expected at least 1 bean which qualifies as autowire candidate. Dependency annotations: {@org.springframework.beans.factory.annotation.Autowired(required=true)}
2019-05-15 23:21:08.931 [restartedMain] WARN  o.springframework.boot.actuate.endpoint.EndpointId - Endpoint ID 'dubbo-configs' contains invalid characters, please migrate to a valid format.
2019-05-15 23:21:08.934 [restartedMain] WARN  o.springframework.boot.actuate.endpoint.EndpointId - Endpoint ID 'dubbo-properties' contains invalid characters, please migrate to a valid format.
2019-05-15 23:21:08.936 [restartedMain] WARN  o.springframework.boot.actuate.endpoint.EndpointId - Endpoint ID 'dubbo-references' contains invalid characters, please migrate to a valid format.
2019-05-15 23:21:08.938 [restartedMain] WARN  o.springframework.boot.actuate.endpoint.EndpointId - Endpoint ID 'dubbo-services' contains invalid characters, please migrate to a valid format.
2019-05-15 23:21:08.944 [restartedMain] WARN  o.springframework.boot.actuate.endpoint.EndpointId - Endpoint ID 'dubbo-shutdown' contains invalid characters, please migrate to a valid format.
2019-05-15 23:21:16.030 [restartedMain] WARN  o.s.b.w.s.c.AnnotationConfigServletWebServerApplicationContext - Exception encountered during context initialization - cancelling refresh attempt: org.springframework.beans.factory.UnsatisfiedDependencyException: Error creating bean with name 'lotteryDao': Unsatisfied dependency expressed through field 'jdbcTemplate'; nested exception is org.springframework.beans.factory.NoSuchBeanDefinitionException: No qualifying bean of type 'org.springframework.jdbc.core.JdbcTemplate' available: expected at least 1 bean which qualifies as autowire candidate. Dependency annotations: {@org.springframework.beans.factory.annotation.Autowired(required=true)}
2019-05-15 23:27:27.364 [restartedMain] WARN  o.springframework.boot.actuate.endpoint.EndpointId - Endpoint ID 'dubbo-configs' contains invalid characters, please migrate to a valid format.
2019-05-15 23:27:27.367 [restartedMain] WARN  o.springframework.boot.actuate.endpoint.EndpointId - Endpoint ID 'dubbo-properties' contains invalid characters, please migrate to a valid format.
2019-05-15 23:27:27.369 [restartedMain] WARN  o.springframework.boot.actuate.endpoint.EndpointId - Endpoint ID 'dubbo-references' contains invalid characters, please migrate to a valid format.
2019-05-15 23:27:27.370 [restartedMain] WARN  o.springframework.boot.actuate.endpoint.EndpointId - Endpoint ID 'dubbo-services' contains invalid characters, please migrate to a valid format.
2019-05-15 23:27:27.372 [restartedMain] WARN  o.springframework.boot.actuate.endpoint.EndpointId - Endpoint ID 'dubbo-shutdown' contains invalid characters, please migrate to a valid format.
2019-05-15 23:27:37.559 [restartedMain] WARN  o.s.b.w.s.c.AnnotationConfigServletWebServerApplicationContext - Exception encountered during context initialization - cancelling refresh attempt: org.springframework.boot.context.properties.ConfigurationPropertiesBindException: Error creating bean with name 'spring.datasource-org.springframework.boot.autoconfigure.jdbc.DataSourceProperties': Could not bind properties to 'DataSourceProperties' : prefix=spring.datasource, ignoreInvalidFields=false, ignoreUnknownFields=true; nested exception is org.springframework.boot.context.properties.bind.BindException: Failed to bind properties under 'spring.datasource.type' to java.lang.Class<javax.sql.DataSource>
2019-05-15 23:28:31.259 [restartedMain] WARN  o.springframework.boot.actuate.endpoint.EndpointId - Endpoint ID 'dubbo-configs' contains invalid characters, please migrate to a valid format.
2019-05-15 23:28:31.261 [restartedMain] WARN  o.springframework.boot.actuate.endpoint.EndpointId - Endpoint ID 'dubbo-properties' contains invalid characters, please migrate to a valid format.
2019-05-15 23:28:31.263 [restartedMain] WARN  o.springframework.boot.actuate.endpoint.EndpointId - Endpoint ID 'dubbo-references' contains invalid characters, please migrate to a valid format.
2019-05-15 23:28:31.264 [restartedMain] WARN  o.springframework.boot.actuate.endpoint.EndpointId - Endpoint ID 'dubbo-services' contains invalid characters, please migrate to a valid format.
2019-05-15 23:28:31.265 [restartedMain] WARN  o.springframework.boot.actuate.endpoint.EndpointId - Endpoint ID 'dubbo-shutdown' contains invalid characters, please migrate to a valid format.
2019-05-15 23:28:41.307 [restartedMain] WARN  o.s.b.w.s.c.AnnotationConfigServletWebServerApplicationContext - Exception encountered during context initialization - cancelling refresh attempt: org.springframework.boot.context.properties.ConfigurationPropertiesBindException: Error creating bean with name 'spring.datasource-org.springframework.boot.autoconfigure.jdbc.DataSourceProperties': Could not bind properties to 'DataSourceProperties' : prefix=spring.datasource, ignoreInvalidFields=false, ignoreUnknownFields=true; nested exception is org.springframework.boot.context.properties.bind.BindException: Failed to bind properties under 'spring.datasource.type' to java.lang.Class<javax.sql.DataSource>
2019-05-15 23:30:26.804 [restartedMain] WARN  o.springframework.boot.actuate.endpoint.EndpointId - Endpoint ID 'dubbo-configs' contains invalid characters, please migrate to a valid format.
2019-05-15 23:30:26.807 [restartedMain] WARN  o.springframework.boot.actuate.endpoint.EndpointId - Endpoint ID 'dubbo-properties' contains invalid characters, please migrate to a valid format.
2019-05-15 23:30:26.809 [restartedMain] WARN  o.springframework.boot.actuate.endpoint.EndpointId - Endpoint ID 'dubbo-references' contains invalid characters, please migrate to a valid format.
2019-05-15 23:30:26.811 [restartedMain] WARN  o.springframework.boot.actuate.endpoint.EndpointId - Endpoint ID 'dubbo-services' contains invalid characters, please migrate to a valid format.
2019-05-15 23:30:26.814 [restartedMain] WARN  o.springframework.boot.actuate.endpoint.EndpointId - Endpoint ID 'dubbo-shutdown' contains invalid characters, please migrate to a valid format.
2019-05-15 23:30:36.711 [restartedMain] WARN  o.s.b.w.s.c.AnnotationConfigServletWebServerApplicationContext - Exception encountered during context initialization - cancelling refresh attempt: org.springframework.boot.context.properties.ConfigurationPropertiesBindException: Error creating bean with name 'spring.datasource-org.springframework.boot.autoconfigure.jdbc.DataSourceProperties': Could not bind properties to 'DataSourceProperties' : prefix=spring.datasource, ignoreInvalidFields=false, ignoreUnknownFields=true; nested exception is org.springframework.boot.context.properties.bind.BindException: Failed to bind properties under 'spring.datasource.type' to java.lang.Class<javax.sql.DataSource>
2019-05-15 23:32:46.944 [restartedMain] WARN  o.springframework.boot.actuate.endpoint.EndpointId - Endpoint ID 'dubbo-configs' contains invalid characters, please migrate to a valid format.
2019-05-15 23:32:46.948 [restartedMain] WARN  o.springframework.boot.actuate.endpoint.EndpointId - Endpoint ID 'dubbo-properties' contains invalid characters, please migrate to a valid format.
2019-05-15 23:32:46.951 [restartedMain] WARN  o.springframework.boot.actuate.endpoint.EndpointId - Endpoint ID 'dubbo-references' contains invalid characters, please migrate to a valid format.
2019-05-15 23:32:46.953 [restartedMain] WARN  o.springframework.boot.actuate.endpoint.EndpointId - Endpoint ID 'dubbo-services' contains invalid characters, please migrate to a valid format.
2019-05-15 23:32:46.956 [restartedMain] WARN  o.springframework.boot.actuate.endpoint.EndpointId - Endpoint ID 'dubbo-shutdown' contains invalid characters, please migrate to a valid format.
2019-05-15 23:33:29.690 [restartedMain] WARN  o.s.b.w.s.c.AnnotationConfigServletWebServerApplicationContext - Exception encountered during context initialization - cancelling refresh attempt: org.springframework.beans.factory.BeanCreationException: Error creating bean with name 'lotteryDao' defined in file [C:\workspace\Ultraman\target\classes\com\ultraman\dao\LotteryDao.class]: Instantiation of bean failed; nested exception is org.springframework.beans.BeanInstantiationException: Failed to instantiate [com.ultraman.dao.LotteryDao]: Constructor threw exception; nested exception is java.lang.Error: Unresolved compilation problems: 
	Autowired cannot be resolved to a type
	JdbcTemplate cannot be resolved to a type

2019-05-15 23:33:33.981 [restartedMain] WARN  o.s.b.w.s.c.AnnotationConfigServletWebServerApplicationContext - Exception encountered during context initialization - cancelling refresh attempt: org.springframework.beans.factory.UnsatisfiedDependencyException: Error creating bean with name 'lotteryDao': Unsatisfied dependency expressed through field 'jdbcTemplate'; nested exception is org.springframework.beans.factory.NoSuchBeanDefinitionException: No qualifying bean of type 'org.springframework.jdbc.core.JdbcTemplate' available: expected at least 1 bean which qualifies as autowire candidate. Dependency annotations: {@org.springframework.beans.factory.annotation.Autowired(required=true)}
2019-05-15 23:36:32.516 [restartedMain] WARN  o.s.b.w.s.c.AnnotationConfigServletWebServerApplicationContext - Exception encountered during context initialization - cancelling refresh attempt: org.springframework.beans.factory.UnsatisfiedDependencyException: Error creating bean with name 'lotteryDao': Unsatisfied dependency expressed through field 'jdbcTemplate'; nested exception is org.springframework.beans.factory.NoSuchBeanDefinitionException: No qualifying bean of type 'org.springframework.jdbc.core.JdbcTemplate' available: expected at least 1 bean which qualifies as autowire candidate. Dependency annotations: {@org.springframework.beans.factory.annotation.Autowired(required=true)}
2019-05-15 23:36:45.765 [restartedMain] WARN  o.s.b.w.s.c.AnnotationConfigServletWebServerApplicationContext - Exception encountered during context initialization - cancelling refresh attempt: org.springframework.beans.factory.UnsatisfiedDependencyException: Error creating bean with name 'lotteryDao': Unsatisfied dependency expressed through field 'jdbcTemplate'; nested exception is org.springframework.beans.factory.NoSuchBeanDefinitionException: No qualifying bean of type 'org.springframework.jdbc.core.JdbcTemplate' available: expected at least 1 bean which qualifies as autowire candidate. Dependency annotations: {@org.springframework.beans.factory.annotation.Autowired(required=true)}
2019-05-15 23:36:57.395 [restartedMain] WARN  o.s.b.w.s.c.AnnotationConfigServletWebServerApplicationContext - Exception encountered during context initialization - cancelling refresh attempt: org.springframework.beans.factory.UnsatisfiedDependencyException: Error creating bean with name 'lotteryDao': Unsatisfied dependency expressed through field 'jdbcTemplate'; nested exception is org.springframework.beans.factory.NoSuchBeanDefinitionException: No qualifying bean of type 'org.springframework.jdbc.core.JdbcTemplate' available: expected at least 1 bean which qualifies as autowire candidate. Dependency annotations: {@org.springframework.beans.factory.annotation.Autowired(required=true)}
2019-05-15 23:37:02.913 [restartedMain] WARN  o.s.b.w.s.c.AnnotationConfigServletWebServerApplicationContext - Exception encountered during context initialization - cancelling refresh attempt: org.springframework.beans.factory.UnsatisfiedDependencyException: Error creating bean with name 'lotteryDao': Unsatisfied dependency expressed through field 'jdbcTemplate'; nested exception is org.springframework.beans.factory.NoSuchBeanDefinitionException: No qualifying bean of type 'org.springframework.jdbc.core.JdbcTemplate' available: expected at least 1 bean which qualifies as autowire candidate. Dependency annotations: {@org.springframework.beans.factory.annotation.Autowired(required=true)}
2019-05-15 23:37:08.434 [restartedMain] WARN  o.s.b.w.s.c.AnnotationConfigServletWebServerApplicationContext - Exception encountered during context initialization - cancelling refresh attempt: org.springframework.beans.factory.UnsatisfiedDependencyException: Error creating bean with name 'lotteryDao': Unsatisfied dependency expressed through field 'jdbcTemplate'; nested exception is org.springframework.beans.factory.NoSuchBeanDefinitionException: No qualifying bean of type 'org.springframework.jdbc.core.JdbcTemplate' available: expected at least 1 bean which qualifies as autowire candidate. Dependency annotations: {@org.springframework.beans.factory.annotation.Autowired(required=true)}
2019-05-15 23:37:57.993 [restartedMain] WARN  o.springframework.boot.actuate.endpoint.EndpointId - Endpoint ID 'dubbo-configs' contains invalid characters, please migrate to a valid format.
2019-05-15 23:37:57.996 [restartedMain] WARN  o.springframework.boot.actuate.endpoint.EndpointId - Endpoint ID 'dubbo-properties' contains invalid characters, please migrate to a valid format.
2019-05-15 23:37:57.998 [restartedMain] WARN  o.springframework.boot.actuate.endpoint.EndpointId - Endpoint ID 'dubbo-references' contains invalid characters, please migrate to a valid format.
2019-05-15 23:37:58.000 [restartedMain] WARN  o.springframework.boot.actuate.endpoint.EndpointId - Endpoint ID 'dubbo-services' contains invalid characters, please migrate to a valid format.
2019-05-15 23:37:58.003 [restartedMain] WARN  o.springframework.boot.actuate.endpoint.EndpointId - Endpoint ID 'dubbo-shutdown' contains invalid characters, please migrate to a valid format.
2019-05-15 23:38:03.705 [restartedMain] WARN  o.s.b.w.s.c.AnnotationConfigServletWebServerApplicationContext - Exception encountered during context initialization - cancelling refresh attempt: org.springframework.beans.factory.UnsatisfiedDependencyException: Error creating bean with name 'lotteryDao': Unsatisfied dependency expressed through field 'jdbcTemplate'; nested exception is org.springframework.beans.factory.NoSuchBeanDefinitionException: No qualifying bean of type 'org.springframework.jdbc.core.JdbcTemplate' available: expected at least 1 bean which qualifies as autowire candidate. Dependency annotations: {@org.springframework.beans.factory.annotation.Autowired(required=true)}
2019-05-16 15:53:35.328 [restartedMain] WARN  o.springframework.boot.actuate.endpoint.EndpointId - Endpoint ID 'dubbo-configs' contains invalid characters, please migrate to a valid format.
2019-05-16 15:53:35.334 [restartedMain] WARN  o.springframework.boot.actuate.endpoint.EndpointId - Endpoint ID 'dubbo-properties' contains invalid characters, please migrate to a valid format.
2019-05-16 15:53:35.337 [restartedMain] WARN  o.springframework.boot.actuate.endpoint.EndpointId - Endpoint ID 'dubbo-references' contains invalid characters, please migrate to a valid format.
2019-05-16 15:53:35.339 [restartedMain] WARN  o.springframework.boot.actuate.endpoint.EndpointId - Endpoint ID 'dubbo-services' contains invalid characters, please migrate to a valid format.
2019-05-16 15:53:35.342 [restartedMain] WARN  o.springframework.boot.actuate.endpoint.EndpointId - Endpoint ID 'dubbo-shutdown' contains invalid characters, please migrate to a valid format.
2019-05-16 15:53:44.395 [restartedMain] WARN  o.s.b.w.s.c.AnnotationConfigServletWebServerApplicationContext - Exception encountered during context initialization - cancelling refresh attempt: org.springframework.beans.factory.UnsatisfiedDependencyException: Error creating bean with name 'lotteryDao': Unsatisfied dependency expressed through field 'jdbcTemplate'; nested exception is org.springframework.beans.factory.NoSuchBeanDefinitionException: No qualifying bean of type 'org.springframework.jdbc.core.JdbcTemplate' available: expected at least 1 bean which qualifies as autowire candidate. Dependency annotations: {@org.springframework.beans.factory.annotation.Autowired(required=true)}
2019-05-16 16:10:13.303 [restartedMain] WARN  o.springframework.boot.actuate.endpoint.EndpointId - Endpoint ID 'dubbo-configs' contains invalid characters, please migrate to a valid format.
2019-05-16 16:10:13.306 [restartedMain] WARN  o.springframework.boot.actuate.endpoint.EndpointId - Endpoint ID 'dubbo-properties' contains invalid characters, please migrate to a valid format.
2019-05-16 16:10:13.307 [restartedMain] WARN  o.springframework.boot.actuate.endpoint.EndpointId - Endpoint ID 'dubbo-references' contains invalid characters, please migrate to a valid format.
2019-05-16 16:10:13.309 [restartedMain] WARN  o.springframework.boot.actuate.endpoint.EndpointId - Endpoint ID 'dubbo-services' contains invalid characters, please migrate to a valid format.
2019-05-16 16:10:13.311 [restartedMain] WARN  o.springframework.boot.actuate.endpoint.EndpointId - Endpoint ID 'dubbo-shutdown' contains invalid characters, please migrate to a valid format.
2019-05-16 16:10:24.646 [restartedMain] WARN  o.s.b.d.autoconfigure.OptionalLiveReloadServer - Unable to start LiveReload server
2019-05-16 16:10:25.262 [restartedMain] WARN  o.s.b.w.s.c.AnnotationConfigServletWebServerApplicationContext - Exception encountered during context initialization - cancelling refresh attempt: org.springframework.context.ApplicationContextException: Unable to start web server; nested exception is org.springframework.boot.web.server.WebServerException: Unable to start embedded Tomcat
2019-05-16 16:10:25.268 [restartedMain] WARN  o.s.b.w.s.c.AnnotationConfigServletWebServerApplicationContext - Exception encountered during context initialization - cancelling refresh attempt: org.springframework.context.ApplicationContextException: Unable to start web server; nested exception is org.springframework.boot.web.server.WebServerException: Unable to start embedded Tomcat
2019-05-16 16:16:07.826 [restartedMain] WARN  o.springframework.boot.actuate.endpoint.EndpointId - Endpoint ID 'dubbo-configs' contains invalid characters, please migrate to a valid format.
2019-05-16 16:16:07.831 [restartedMain] WARN  o.springframework.boot.actuate.endpoint.EndpointId - Endpoint ID 'dubbo-properties' contains invalid characters, please migrate to a valid format.
2019-05-16 16:16:07.834 [restartedMain] WARN  o.springframework.boot.actuate.endpoint.EndpointId - Endpoint ID 'dubbo-references' contains invalid characters, please migrate to a valid format.
2019-05-16 16:16:07.837 [restartedMain] WARN  o.springframework.boot.actuate.endpoint.EndpointId - Endpoint ID 'dubbo-services' contains invalid characters, please migrate to a valid format.
2019-05-16 16:16:07.839 [restartedMain] WARN  o.springframework.boot.actuate.endpoint.EndpointId - Endpoint ID 'dubbo-shutdown' contains invalid characters, please migrate to a valid format.
2019-05-16 16:16:22.334 [restartedMain] WARN  o.s.b.d.autoconfigure.OptionalLiveReloadServer - Unable to start LiveReload server
2019-05-16 16:16:54.746 [restartedMain] WARN  o.springframework.boot.actuate.endpoint.EndpointId - Endpoint ID 'dubbo-configs' contains invalid characters, please migrate to a valid format.
2019-05-16 16:16:54.749 [restartedMain] WARN  o.springframework.boot.actuate.endpoint.EndpointId - Endpoint ID 'dubbo-properties' contains invalid characters, please migrate to a valid format.
2019-05-16 16:16:54.752 [restartedMain] WARN  o.springframework.boot.actuate.endpoint.EndpointId - Endpoint ID 'dubbo-references' contains invalid characters, please migrate to a valid format.
2019-05-16 16:16:54.753 [restartedMain] WARN  o.springframework.boot.actuate.endpoint.EndpointId - Endpoint ID 'dubbo-services' contains invalid characters, please migrate to a valid format.
2019-05-16 16:16:54.755 [restartedMain] WARN  o.springframework.boot.actuate.endpoint.EndpointId - Endpoint ID 'dubbo-shutdown' contains invalid characters, please migrate to a valid format.
2019-05-16 16:18:57.708 [restartedMain] WARN  o.springframework.boot.actuate.endpoint.EndpointId - Endpoint ID 'dubbo-configs' contains invalid characters, please migrate to a valid format.
2019-05-16 16:18:57.711 [restartedMain] WARN  o.springframework.boot.actuate.endpoint.EndpointId - Endpoint ID 'dubbo-properties' contains invalid characters, please migrate to a valid format.
2019-05-16 16:18:57.713 [restartedMain] WARN  o.springframework.boot.actuate.endpoint.EndpointId - Endpoint ID 'dubbo-references' contains invalid characters, please migrate to a valid format.
2019-05-16 16:18:57.715 [restartedMain] WARN  o.springframework.boot.actuate.endpoint.EndpointId - Endpoint ID 'dubbo-services' contains invalid characters, please migrate to a valid format.
2019-05-16 16:18:57.717 [restartedMain] WARN  o.springframework.boot.actuate.endpoint.EndpointId - Endpoint ID 'dubbo-shutdown' contains invalid characters, please migrate to a valid format.
2019-05-16 16:38:15.903 [restartedMain] WARN  o.springframework.boot.actuate.endpoint.EndpointId - Endpoint ID 'dubbo-configs' contains invalid characters, please migrate to a valid format.
2019-05-16 16:38:15.907 [restartedMain] WARN  o.springframework.boot.actuate.endpoint.EndpointId - Endpoint ID 'dubbo-properties' contains invalid characters, please migrate to a valid format.
2019-05-16 16:38:15.909 [restartedMain] WARN  o.springframework.boot.actuate.endpoint.EndpointId - Endpoint ID 'dubbo-references' contains invalid characters, please migrate to a valid format.
2019-05-16 16:38:15.910 [restartedMain] WARN  o.springframework.boot.actuate.endpoint.EndpointId - Endpoint ID 'dubbo-services' contains invalid characters, please migrate to a valid format.
2019-05-16 16:38:15.912 [restartedMain] WARN  o.springframework.boot.actuate.endpoint.EndpointId - Endpoint ID 'dubbo-shutdown' contains invalid characters, please migrate to a valid format.
