2019-05-14 22:32:44.893 [restartedMain] INFO  c.a.b.d.c.event.WelcomeLogoApplicationListener - 

 :: Dubbo Spring Boot (v0.2.0) : https://github.com/apache/incubator-dubbo-spring-boot-project
 :: Dubbo (v2.6.2) : https://github.com/apache/incubator-dubbo
 :: Google group : dev@dubbo.incubator.apache.org

2019-05-14 22:32:44.948 [restartedMain] INFO  c.a.b.d.c.e.OverrideDubboConfigApplicationListener - Dubbo Config was overridden by externalized configuration {}
2019-05-14 22:32:45.396 [restartedMain] INFO  com.ultraman.Application - Starting Application on DESKTOP-5BOS5GC with PID 5676 (C:\workspace\Ultraman\target\classes started by Administrator in C:\workspace\Ultraman)
2019-05-14 22:32:45.396 [restartedMain] INFO  com.ultraman.Application - The following profiles are active: test,mail
2019-05-14 22:32:45.590 [restartedMain] INFO  o.s.b.d.env.DevToolsPropertyDefaultsPostProcessor - For additional web related logging consider setting the 'logging.level.web' property to 'DEBUG'
2019-05-14 22:32:46.219 [restartedMain] INFO  o.s.b.a.l.ConditionEvaluationReportLoggingListener - 

Error starting ApplicationContext. To display the conditions report re-run your application with 'debug' enabled.
2019-05-14 22:33:28.850 [restartedMain] INFO  c.a.b.d.c.event.WelcomeLogoApplicationListener - 

 :: Dubbo Spring Boot (v0.2.0) : https://github.com/apache/incubator-dubbo-spring-boot-project
 :: Dubbo (v2.6.2) : https://github.com/apache/incubator-dubbo
 :: Google group : dev@dubbo.incubator.apache.org

2019-05-14 22:33:28.863 [restartedMain] INFO  c.a.b.d.c.e.OverrideDubboConfigApplicationListener - Dubbo Config was overridden by externalized configuration {}
2019-05-14 22:33:29.227 [restartedMain] INFO  com.ultraman.Application - Starting Application on DESKTOP-5BOS5GC with PID 4932 (C:\workspace\Ultraman\target\classes started by Administrator in C:\workspace\Ultraman)
2019-05-14 22:33:29.228 [restartedMain] INFO  com.ultraman.Application - The following profiles are active: test,mail
2019-05-14 22:33:29.450 [restartedMain] INFO  o.s.b.d.env.DevToolsPropertyDefaultsPostProcessor - For additional web related logging consider setting the 'logging.level.web' property to 'DEBUG'
2019-05-14 22:33:32.366 [restartedMain] INFO  o.s.d.r.config.RepositoryConfigurationDelegate - Multiple Spring Data modules found, entering strict repository configuration mode!
2019-05-14 22:33:32.370 [restartedMain] INFO  o.s.d.r.config.RepositoryConfigurationDelegate - Bootstrapping Spring Data repositories in DEFAULT mode.
2019-05-14 22:33:32.455 [restartedMain] INFO  o.s.d.r.config.RepositoryConfigurationDelegate - Finished Spring Data repository scanning in 72ms. Found 0 repository interfaces.
2019-05-14 22:33:32.489 [restartedMain] INFO  o.s.d.r.config.RepositoryConfigurationDelegate - Multiple Spring Data modules found, entering strict repository configuration mode!
2019-05-14 22:33:32.493 [restartedMain] INFO  o.s.d.r.config.RepositoryConfigurationDelegate - Bootstrapping Spring Data repositories in DEFAULT mode.
2019-05-14 22:33:32.550 [restartedMain] INFO  o.s.d.r.config.RepositoryConfigurationDelegate - Finished Spring Data repository scanning in 36ms. Found 0 repository interfaces.
2019-05-14 22:33:33.490 [restartedMain] INFO  o.s.c.s.PostProcessorRegistrationDelegate$BeanPostProcessorChecker - Bean 'com.alibaba.boot.dubbo.autoconfigure.DubboAutoConfiguration' of type [com.alibaba.boot.dubbo.autoconfigure.DubboAutoConfiguration$$EnhancerBySpringCGLIB$$80c0422b] is not eligible for getting processed by all BeanPostProcessors (for example: not eligible for auto-proxying)
2019-05-14 22:33:33.614 [restartedMain] INFO  o.s.c.s.PostProcessorRegistrationDelegate$BeanPostProcessorChecker - Bean 'org.springframework.amqp.rabbit.annotation.RabbitBootstrapConfiguration' of type [org.springframework.amqp.rabbit.annotation.RabbitBootstrapConfiguration$$EnhancerBySpringCGLIB$$382a5ae7] is not eligible for getting processed by all BeanPostProcessors (for example: not eligible for auto-proxying)
2019-05-14 22:33:35.896 [restartedMain] INFO  o.s.boot.web.embedded.tomcat.TomcatWebServer - Tomcat initialized with port(s): 20190 (http)
2019-05-14 22:33:35.942 [restartedMain] INFO  org.apache.coyote.http11.Http11NioProtocol - Initializing ProtocolHandler ["http-nio-20190"]
2019-05-14 22:33:35.973 [restartedMain] INFO  org.apache.catalina.core.StandardService - Starting service [Tomcat]
2019-05-14 22:33:35.974 [restartedMain] INFO  org.apache.catalina.core.StandardEngine - Starting Servlet engine: [Apache Tomcat/9.0.14]
2019-05-14 22:33:36.001 [restartedMain] INFO  org.apache.catalina.core.AprLifecycleListener - The APR based Apache Tomcat Native library which allows optimal performance in production environments was not found on the java.library.path: [C:\Program Files\Java\jre1.8.0_131\bin;C:\Windows\Sun\Java\bin;C:\Windows\system32;C:\Windows;C:/Program Files/Java/jre1.8.0_131/bin/server;C:/Program Files/Java/jre1.8.0_131/bin;C:/Program Files/Java/jre1.8.0_131/lib/amd64;C:\ProgramData\Oracle\Java\javapath;C:\Windows\system32;C:\Windows;C:\Windows\System32\Wbem;C:\Windows\System32\WindowsPowerShell\v1.0\;C:\Windows\System32\OpenSSH\;C:\Program Files\Git\cmd;C:\Program Files\TortoiseGit\bin;C:\Program Files\TortoiseSVN\bin;C:\eclipse;;.]
2019-05-14 22:33:36.381 [restartedMain] INFO  o.a.c.core.ContainerBase.[Tomcat].[localhost].[/] - Initializing Spring embedded WebApplicationContext
2019-05-14 22:33:36.381 [restartedMain] INFO  org.springframework.web.context.ContextLoader - Root WebApplicationContext: initialization completed in 6930 ms
2019-05-14 22:33:42.580 [restartedMain] INFO  org.mongodb.driver.cluster - Cluster created with settings {hosts=[localhost:27017], mode=SINGLE, requiredClusterType=UNKNOWN, serverSelectionTimeout='30000 ms', maxWaitQueueSize=500}
2019-05-14 22:33:43.672 [cluster-ClusterId{value='5cdad1c6a46ccb134465a865', description='null'}-localhost:27017] INFO  org.mongodb.driver.cluster - Exception in monitor thread while connecting to server localhost:27017
com.mongodb.MongoSocketOpenException: Exception opening socket
	at com.mongodb.internal.connection.SocketStream.open(SocketStream.java:67)
	at com.mongodb.internal.connection.InternalStreamConnection.open(InternalStreamConnection.java:126)
	at com.mongodb.internal.connection.DefaultServerMonitor$ServerMonitorRunnable.run(DefaultServerMonitor.java:117)
	at java.lang.Thread.run(Unknown Source)
Caused by: java.net.ConnectException: Connection refused: connect
	at java.net.DualStackPlainSocketImpl.waitForConnect(Native Method)
	at java.net.DualStackPlainSocketImpl.socketConnect(Unknown Source)
	at java.net.AbstractPlainSocketImpl.doConnect(Unknown Source)
	at java.net.AbstractPlainSocketImpl.connectToAddress(Unknown Source)
	at java.net.AbstractPlainSocketImpl.connect(Unknown Source)
	at java.net.PlainSocketImpl.connect(Unknown Source)
	at java.net.SocksSocketImpl.connect(Unknown Source)
	at java.net.Socket.connect(Unknown Source)
	at com.mongodb.internal.connection.SocketStreamHelper.initialize(SocketStreamHelper.java:64)
	at com.mongodb.internal.connection.SocketStream.open(SocketStream.java:62)
	... 3 common frames omitted
2019-05-14 22:33:45.507 [restartedMain] INFO  o.s.b.d.autoconfigure.OptionalLiveReloadServer - LiveReload server is running on port 35729
2019-05-14 22:33:45.803 [restartedMain] INFO  o.s.boot.web.embedded.tomcat.TomcatWebServer - Tomcat initialized with port(s): 20191 (http)
2019-05-14 22:33:45.805 [restartedMain] INFO  org.apache.coyote.http11.Http11NioProtocol - Initializing ProtocolHandler ["http-nio-20191"]
2019-05-14 22:33:45.806 [restartedMain] INFO  org.apache.catalina.core.StandardService - Starting service [Tomcat]
2019-05-14 22:33:45.807 [restartedMain] INFO  org.apache.catalina.core.StandardEngine - Starting Servlet engine: [Apache Tomcat/9.0.14]
2019-05-14 22:33:45.873 [restartedMain] INFO  o.a.c.c.ContainerBase.[Tomcat-1].[localhost].[/] - Initializing Spring embedded WebApplicationContext
2019-05-14 22:33:45.874 [restartedMain] INFO  org.springframework.web.context.ContextLoader - Root WebApplicationContext: initialization completed in 270 ms
2019-05-14 22:33:45.898 [restartedMain] INFO  o.s.b.actuate.endpoint.web.EndpointLinksResolver - Exposing 18 endpoint(s) beneath base path ''
2019-05-14 22:33:46.097 [restartedMain] INFO  org.apache.coyote.http11.Http11NioProtocol - Starting ProtocolHandler ["http-nio-20191"]
2019-05-14 22:33:46.161 [restartedMain] INFO  o.s.boot.web.embedded.tomcat.TomcatWebServer - Tomcat started on port(s): 20191 (http) with context path ''
2019-05-14 22:33:46.192 [restartedMain] INFO  org.apache.coyote.http11.Http11NioProtocol - Starting ProtocolHandler ["http-nio-20190"]
2019-05-14 22:33:46.199 [restartedMain] INFO  o.s.boot.web.embedded.tomcat.TomcatWebServer - Tomcat started on port(s): 20190 (http) with context path ''
2019-05-14 22:33:46.201 [restartedMain] INFO  com.ultraman.Application - Started Application in 18.459 seconds (JVM running for 20.45)
2019-05-14 22:34:45.419 [Thread-8] INFO  c.a.d.c.s.b.f.a.ReferenceAnnotationBeanPostProcessor - class com.alibaba.dubbo.config.spring.beans.factory.annotation.ReferenceAnnotationBeanPostProcessor was destroying!
2019-05-14 22:34:49.920 [restartedMain] INFO  c.a.b.d.c.event.WelcomeLogoApplicationListener - 

 :: Dubbo Spring Boot (v0.2.0) : https://github.com/apache/incubator-dubbo-spring-boot-project
 :: Dubbo (v2.6.2) : https://github.com/apache/incubator-dubbo
 :: Google group : dev@dubbo.incubator.apache.org

2019-05-14 22:34:49.921 [restartedMain] INFO  c.a.b.d.c.e.OverrideDubboConfigApplicationListener - Dubbo Config was overridden by externalized configuration {}
2019-05-14 22:34:49.954 [restartedMain] INFO  com.ultraman.Application - Starting Application on DESKTOP-5BOS5GC with PID 4932 (C:\workspace\Ultraman\target\classes started by Administrator in C:\workspace\Ultraman)
2019-05-14 22:34:49.955 [restartedMain] INFO  com.ultraman.Application - The following profiles are active: test,mail
2019-05-14 22:34:51.908 [restartedMain] INFO  o.s.d.r.config.RepositoryConfigurationDelegate - Multiple Spring Data modules found, entering strict repository configuration mode!
2019-05-14 22:34:51.910 [restartedMain] INFO  o.s.d.r.config.RepositoryConfigurationDelegate - Bootstrapping Spring Data repositories in DEFAULT mode.
2019-05-14 22:34:52.046 [restartedMain] INFO  o.s.d.r.config.RepositoryConfigurationDelegate - Finished Spring Data repository scanning in 136ms. Found 0 repository interfaces.
2019-05-14 22:34:52.293 [restartedMain] INFO  o.s.d.r.config.RepositoryConfigurationDelegate - Multiple Spring Data modules found, entering strict repository configuration mode!
2019-05-14 22:34:52.296 [restartedMain] INFO  o.s.d.r.config.RepositoryConfigurationDelegate - Bootstrapping Spring Data repositories in DEFAULT mode.
2019-05-14 22:34:52.367 [restartedMain] INFO  o.s.d.r.config.RepositoryConfigurationDelegate - Finished Spring Data repository scanning in 70ms. Found 0 repository interfaces.
2019-05-14 22:34:52.646 [restartedMain] INFO  o.s.c.s.PostProcessorRegistrationDelegate$BeanPostProcessorChecker - Bean 'com.alibaba.boot.dubbo.autoconfigure.DubboAutoConfiguration' of type [com.alibaba.boot.dubbo.autoconfigure.DubboAutoConfiguration$$EnhancerBySpringCGLIB$$80c0422b] is not eligible for getting processed by all BeanPostProcessors (for example: not eligible for auto-proxying)
2019-05-14 22:34:52.654 [restartedMain] INFO  o.s.c.s.PostProcessorRegistrationDelegate$BeanPostProcessorChecker - Bean 'org.springframework.amqp.rabbit.annotation.RabbitBootstrapConfiguration' of type [org.springframework.amqp.rabbit.annotation.RabbitBootstrapConfiguration$$EnhancerBySpringCGLIB$$382a5ae7] is not eligible for getting processed by all BeanPostProcessors (for example: not eligible for auto-proxying)
2019-05-14 22:34:53.026 [restartedMain] INFO  o.s.boot.web.embedded.tomcat.TomcatWebServer - Tomcat initialized with port(s): 20190 (http)
2019-05-14 22:34:53.035 [restartedMain] INFO  org.apache.catalina.core.StandardService - Starting service [Tomcat]
2019-05-14 22:34:53.036 [restartedMain] INFO  org.apache.catalina.core.StandardEngine - Starting Servlet engine: [Apache Tomcat/9.0.14]
2019-05-14 22:34:53.303 [restartedMain] INFO  o.a.c.core.ContainerBase.[Tomcat].[localhost].[/] - Initializing Spring embedded WebApplicationContext
2019-05-14 22:34:53.326 [restartedMain] INFO  org.springframework.web.context.ContextLoader - Root WebApplicationContext: initialization completed in 3357 ms
2019-05-14 22:34:56.092 [restartedMain] INFO  org.mongodb.driver.cluster - Cluster created with settings {hosts=[localhost:27017], mode=SINGLE, requiredClusterType=UNKNOWN, serverSelectionTimeout='30000 ms', maxWaitQueueSize=500}
2019-05-14 22:34:56.845 [restartedMain] INFO  o.s.b.d.autoconfigure.OptionalLiveReloadServer - LiveReload server is running on port 35729
2019-05-14 22:34:57.033 [restartedMain] INFO  o.s.boot.web.embedded.tomcat.TomcatWebServer - Tomcat initialized with port(s): 20191 (http)
2019-05-14 22:34:57.035 [restartedMain] INFO  org.apache.catalina.core.StandardService - Starting service [Tomcat]
2019-05-14 22:34:57.036 [restartedMain] INFO  org.apache.catalina.core.StandardEngine - Starting Servlet engine: [Apache Tomcat/9.0.14]
2019-05-14 22:34:57.106 [restartedMain] INFO  o.a.c.c.ContainerBase.[Tomcat-1].[localhost].[/] - Initializing Spring embedded WebApplicationContext
2019-05-14 22:34:57.106 [restartedMain] INFO  org.springframework.web.context.ContextLoader - Root WebApplicationContext: initialization completed in 231 ms
2019-05-14 22:34:57.115 [restartedMain] INFO  o.s.b.actuate.endpoint.web.EndpointLinksResolver - Exposing 18 endpoint(s) beneath base path ''
2019-05-14 22:34:57.168 [restartedMain] INFO  o.s.boot.web.embedded.tomcat.TomcatWebServer - Tomcat started on port(s): 20191 (http) with context path ''
2019-05-14 22:34:57.194 [restartedMain] INFO  o.s.boot.web.embedded.tomcat.TomcatWebServer - Tomcat started on port(s): 20190 (http) with context path ''
2019-05-14 22:34:57.195 [restartedMain] INFO  com.ultraman.Application - Started Application in 7.585 seconds (JVM running for 91.444)
2019-05-14 22:34:57.207 [restartedMain] INFO  o.s.b.d.a.ConditionEvaluationDeltaLoggingListener - Condition evaluation unchanged
2019-05-14 22:35:03.042 [restartedMain] INFO  c.a.b.d.c.event.WelcomeLogoApplicationListener - 

 :: Dubbo Spring Boot (v0.2.0) : https://github.com/apache/incubator-dubbo-spring-boot-project
 :: Dubbo (v2.6.2) : https://github.com/apache/incubator-dubbo
 :: Google group : dev@dubbo.incubator.apache.org

2019-05-14 22:35:03.058 [restartedMain] INFO  c.a.b.d.c.e.OverrideDubboConfigApplicationListener - Dubbo Config was overridden by externalized configuration {}
2019-05-14 22:35:03.462 [restartedMain] INFO  com.ultraman.Application - Starting Application on DESKTOP-5BOS5GC with PID 1456 (C:\workspace\Ultraman\target\classes started by Administrator in C:\workspace\Ultraman)
2019-05-14 22:35:03.467 [restartedMain] INFO  com.ultraman.Application - The following profiles are active: test,mail
2019-05-14 22:35:03.623 [restartedMain] INFO  o.s.b.d.env.DevToolsPropertyDefaultsPostProcessor - For additional web related logging consider setting the 'logging.level.web' property to 'DEBUG'
2019-05-14 22:35:06.487 [restartedMain] INFO  o.s.d.r.config.RepositoryConfigurationDelegate - Multiple Spring Data modules found, entering strict repository configuration mode!
2019-05-14 22:35:06.495 [restartedMain] INFO  o.s.d.r.config.RepositoryConfigurationDelegate - Bootstrapping Spring Data repositories in DEFAULT mode.
2019-05-14 22:35:06.619 [restartedMain] INFO  o.s.d.r.config.RepositoryConfigurationDelegate - Finished Spring Data repository scanning in 84ms. Found 0 repository interfaces.
2019-05-14 22:35:07.491 [restartedMain] INFO  o.s.c.s.PostProcessorRegistrationDelegate$BeanPostProcessorChecker - Bean 'com.alibaba.boot.dubbo.autoconfigure.DubboAutoConfiguration' of type [com.alibaba.boot.dubbo.autoconfigure.DubboAutoConfiguration$$EnhancerBySpringCGLIB$$753d6a67] is not eligible for getting processed by all BeanPostProcessors (for example: not eligible for auto-proxying)
2019-05-14 22:35:07.617 [restartedMain] INFO  o.s.c.s.PostProcessorRegistrationDelegate$BeanPostProcessorChecker - Bean 'org.springframework.amqp.rabbit.annotation.RabbitBootstrapConfiguration' of type [org.springframework.amqp.rabbit.annotation.RabbitBootstrapConfiguration$$EnhancerBySpringCGLIB$$2ca78323] is not eligible for getting processed by all BeanPostProcessors (for example: not eligible for auto-proxying)
2019-05-14 22:35:09.839 [restartedMain] INFO  o.s.boot.web.embedded.tomcat.TomcatWebServer - Tomcat initialized with port(s): 20190 (http)
2019-05-14 22:35:09.879 [restartedMain] INFO  org.apache.coyote.http11.Http11NioProtocol - Initializing ProtocolHandler ["http-nio-20190"]
2019-05-14 22:35:09.898 [restartedMain] INFO  org.apache.catalina.core.StandardService - Starting service [Tomcat]
2019-05-14 22:35:09.899 [restartedMain] INFO  org.apache.catalina.core.StandardEngine - Starting Servlet engine: [Apache Tomcat/9.0.14]
2019-05-14 22:35:09.922 [restartedMain] INFO  org.apache.catalina.core.AprLifecycleListener - The APR based Apache Tomcat Native library which allows optimal performance in production environments was not found on the java.library.path: [C:\Program Files\Java\jre1.8.0_131\bin;C:\Windows\Sun\Java\bin;C:\Windows\system32;C:\Windows;C:/Program Files/Java/jre1.8.0_131/bin/server;C:/Program Files/Java/jre1.8.0_131/bin;C:/Program Files/Java/jre1.8.0_131/lib/amd64;C:\ProgramData\Oracle\Java\javapath;C:\Windows\system32;C:\Windows;C:\Windows\System32\Wbem;C:\Windows\System32\WindowsPowerShell\v1.0\;C:\Windows\System32\OpenSSH\;C:\Program Files\Git\cmd;C:\Program Files\TortoiseGit\bin;C:\Program Files\TortoiseSVN\bin;C:\eclipse;;.]
2019-05-14 22:35:10.285 [restartedMain] INFO  o.a.c.core.ContainerBase.[Tomcat].[localhost].[/] - Initializing Spring embedded WebApplicationContext
2019-05-14 22:35:10.286 [restartedMain] INFO  org.springframework.web.context.ContextLoader - Root WebApplicationContext: initialization completed in 6663 ms
2019-05-14 22:35:16.322 [restartedMain] INFO  o.s.b.d.autoconfigure.OptionalLiveReloadServer - LiveReload server is running on port 35729
2019-05-14 22:35:16.658 [restartedMain] INFO  o.s.boot.web.embedded.tomcat.TomcatWebServer - Tomcat initialized with port(s): 20191 (http)
2019-05-14 22:35:16.662 [restartedMain] INFO  org.apache.coyote.http11.Http11NioProtocol - Initializing ProtocolHandler ["http-nio-20191"]
2019-05-14 22:35:16.663 [restartedMain] INFO  org.apache.catalina.core.StandardService - Starting service [Tomcat]
2019-05-14 22:35:16.664 [restartedMain] INFO  org.apache.catalina.core.StandardEngine - Starting Servlet engine: [Apache Tomcat/9.0.14]
2019-05-14 22:35:16.748 [restartedMain] INFO  o.a.c.c.ContainerBase.[Tomcat-1].[localhost].[/] - Initializing Spring embedded WebApplicationContext
2019-05-14 22:35:16.748 [restartedMain] INFO  org.springframework.web.context.ContextLoader - Root WebApplicationContext: initialization completed in 321 ms
2019-05-14 22:35:16.783 [restartedMain] INFO  o.s.b.actuate.endpoint.web.EndpointLinksResolver - Exposing 18 endpoint(s) beneath base path ''
2019-05-14 22:35:17.125 [restartedMain] INFO  org.apache.coyote.http11.Http11NioProtocol - Starting ProtocolHandler ["http-nio-20191"]
2019-05-14 22:35:17.219 [restartedMain] INFO  o.s.boot.web.embedded.tomcat.TomcatWebServer - Tomcat started on port(s): 20191 (http) with context path ''
2019-05-14 22:35:17.248 [restartedMain] INFO  org.apache.coyote.http11.Http11NioProtocol - Starting ProtocolHandler ["http-nio-20190"]
2019-05-14 22:35:17.258 [restartedMain] INFO  o.s.boot.web.embedded.tomcat.TomcatWebServer - Tomcat started on port(s): 20190 (http) with context path ''
2019-05-14 22:35:17.262 [restartedMain] INFO  com.ultraman.Application - Started Application in 15.369 seconds (JVM running for 16.927)
